2024-12-16 13:39:58,332 INFO o.a.j.u.JMeterUtils: Setting Locale to en_EN
2024-12-16 13:39:58,380 INFO o.a.j.JMeter: Loading user properties from: /opt/homebrew/Cellar/jmeter/5.6.3/libexec/bin/user.properties
2024-12-16 13:39:58,381 INFO o.a.j.JMeter: Loading system properties from: /opt/homebrew/Cellar/jmeter/5.6.3/libexec/bin/system.properties
2024-12-16 13:39:58,389 INFO o.a.j.JMeter: Copyright (c) 1998-2024 The Apache Software Foundation
2024-12-16 13:39:58,389 INFO o.a.j.JMeter: Version 5.6.3
2024-12-16 13:39:58,389 INFO o.a.j.JMeter: java.version=21.0.2
2024-12-16 13:39:58,389 INFO o.a.j.JMeter: java.vm.name=OpenJDK 64-Bit Server VM
2024-12-16 13:39:58,389 INFO o.a.j.JMeter: os.name=Mac OS X
2024-12-16 13:39:58,389 INFO o.a.j.JMeter: os.arch=aarch64
2024-12-16 13:39:58,389 INFO o.a.j.JMeter: os.version=14.2.1
2024-12-16 13:39:58,389 INFO o.a.j.JMeter: file.encoding=UTF-8
2024-12-16 13:39:58,390 INFO o.a.j.JMeter: java.awt.headless=null
2024-12-16 13:39:58,390 INFO o.a.j.JMeter: Max memory     =1073741824
2024-12-16 13:39:58,390 INFO o.a.j.JMeter: Available Processors =8
2024-12-16 13:39:58,400 INFO o.a.j.JMeter: Default Locale=English (EN)
2024-12-16 13:39:58,401 INFO o.a.j.JMeter: JMeter  Locale=English (EN)
2024-12-16 13:39:58,401 INFO o.a.j.JMeter: JMeterHome=/opt/homebrew/Cellar/jmeter/5.6.3/libexec
2024-12-16 13:39:58,401 INFO o.a.j.JMeter: user.dir  =/Users/anomsentanuprayosa/Downloads/template-cicd-main/baznas-demo/baznas-apps-demo
2024-12-16 13:39:58,401 INFO o.a.j.JMeter: PWD       =/Users/anomsentanuprayosa/Downloads/template-cicd-main/baznas-demo/baznas-apps-demo
2024-12-16 13:39:58,403 INFO o.a.j.JMeter: IP: 127.0.0.1 Name: anoms-MacBook-Air.local FullName: localhost
2024-12-16 13:39:58,415 INFO o.a.j.JMeter: Loaded icon properties from org/apache/jmeter/images/icon.properties
2024-12-16 13:39:59,533 INFO o.a.j.JMeterGuiLauncher: Setting LAF to: com.github.weisj.darklaf.DarkLaf:com.github.weisj.darklaf.theme.DarculaTheme
2024-12-16 13:40:01,204 INFO o.a.j.r.ClassFinder: Will scan jar /opt/homebrew/Cellar/jmeter/5.6.3/libexec/lib/ext/jmeter-plugins-manager-1.9.jar with filter ExtendsClassFilter [parents=[interface org.apache.jmeter.gui.action.Command], inner=false, contains=null, notContains=null]. Consider exposing JMeter plugins via META-INF/services, and add JMeter-Skip-Class-Scanning=true manifest attribute so JMeter can skip classfile scanning
2024-12-16 13:40:01,318 INFO o.a.j.r.ClassFinder: Will scan jar /opt/homebrew/Cellar/jmeter/5.6.3/libexec/lib/ext/jmeter-plugins-manager-1.9.jar with filter ExtendsClassFilter [parents=[interface org.apache.jmeter.gui.plugin.MenuCreator], inner=false, contains=null, notContains=null]. Consider exposing JMeter plugins via META-INF/services, and add JMeter-Skip-Class-Scanning=true manifest attribute so JMeter can skip classfile scanning
2024-12-16 13:40:01,436 INFO o.j.r.JARSourceHTTP: Requesting https://jmeter-plugins.org/repo/?installID=mac_os_x-b664e12bc596e90b6b205e53ba740668-gui
2024-12-16 13:40:04,009 INFO o.j.r.PluginManager: Plugins Status: [jpgc-plugins-manager=1.9, jmeter-core=5.6.3, jmeter-ftp=5.6.3, jmeter-http=5.6.3, jmeter-jdbc=5.6.3, jmeter-jms=5.6.3, jmeter-junit=5.6.3, jmeter-java=5.6.3, jmeter-ldap=5.6.3, jmeter-mail=5.6.3, jmeter-mongodb=5.6.3, jmeter-native=5.6.3, jmeter-tcp=5.6.3, jmeter-components=5.6.3]
2024-12-16 13:40:04,010 INFO o.j.r.PluginManagerMenuItem: Plugins Manager has upgrades: [jpgc-plugins-manager]
2024-12-16 13:42:00,097 INFO o.a.j.s.FileServer: Default base='/Users/anomsentanuprayosa/Downloads/template-cicd-main/baznas-demo/baznas-apps-demo'
2024-12-16 13:42:00,105 INFO o.a.j.s.FileServer: Set new base='/Users/anomsentanuprayosa/Downloads/template-cicd-main/baznas-demo/baznas-apps-demo'
2024-12-16 13:42:00,377 INFO o.a.j.s.SaveService: Testplan (JMX) version: 2.2. Testlog (JTL) version: 2.2
2024-12-16 13:42:00,385 INFO o.a.j.s.SaveService: Using SaveService properties version 5.0
2024-12-16 13:42:00,389 INFO o.a.j.s.SaveService: Using SaveService properties file encoding UTF-8
2024-12-16 13:42:20,199 INFO o.a.j.p.h.s.HTTPSamplerBase: Parser for text/html is org.apache.jmeter.protocol.http.parser.LagartoBasedHtmlParser
2024-12-16 13:42:20,199 INFO o.a.j.p.h.s.HTTPSamplerBase: Parser for application/xhtml+xml is org.apache.jmeter.protocol.http.parser.LagartoBasedHtmlParser
2024-12-16 13:42:20,199 INFO o.a.j.p.h.s.HTTPSamplerBase: Parser for application/xml is org.apache.jmeter.protocol.http.parser.LagartoBasedHtmlParser
2024-12-16 13:42:20,200 INFO o.a.j.p.h.s.HTTPSamplerBase: Parser for text/xml is org.apache.jmeter.protocol.http.parser.LagartoBasedHtmlParser
2024-12-16 13:42:20,200 INFO o.a.j.p.h.s.HTTPSamplerBase: Parser for text/vnd.wap.wml is org.apache.jmeter.protocol.http.parser.RegexpHTMLParser
2024-12-16 13:42:20,200 INFO o.a.j.p.h.s.HTTPSamplerBase: Parser for text/css is org.apache.jmeter.protocol.http.parser.CssParser
2024-12-16 13:43:31,271 INFO o.a.j.e.StandardJMeterEngine: Running the test!
2024-12-16 13:43:31,273 INFO o.a.j.s.SampleEvent: List of sample_variables: []
2024-12-16 13:43:31,273 INFO o.a.j.s.SampleEvent: List of sample_variables: []
2024-12-16 13:43:31,275 INFO o.a.j.e.u.CompoundVariable: Note: Function class names must contain the string: '.functions.'
2024-12-16 13:43:31,275 INFO o.a.j.e.u.CompoundVariable: Note: Function class names must not contain the string: '.gui.'
2024-12-16 13:43:31,333 INFO o.a.j.r.ClassFinder: Will scan jar /opt/homebrew/Cellar/jmeter/5.6.3/libexec/lib/ext/jmeter-plugins-manager-1.9.jar with filter ExtendsClassFilter [parents=[interface org.apache.jmeter.functions.Function], inner=false, contains=null, notContains=null]. Consider exposing JMeter plugins via META-INF/services, and add JMeter-Skip-Class-Scanning=true manifest attribute so JMeter can skip classfile scanning
2024-12-16 13:43:31,346 INFO o.a.j.g.u.JMeterMenuBar: setRunning(true, *local*)
2024-12-16 13:43:31,425 INFO o.a.j.e.StandardJMeterEngine: Starting ThreadGroup: 1 : Jmeter User
2024-12-16 13:43:31,426 INFO o.a.j.e.StandardJMeterEngine: Starting 1 threads for group Jmeter User.
2024-12-16 13:43:31,426 INFO o.a.j.e.StandardJMeterEngine: Thread will continue on error
2024-12-16 13:43:31,426 INFO o.a.j.t.ThreadGroup: Starting thread group... number=1 threads=1 ramp-up=1 delayedStart=false
2024-12-16 13:43:31,428 INFO o.a.j.t.ThreadGroup: Started thread group number 1
2024-12-16 13:43:31,428 INFO o.a.j.e.StandardJMeterEngine: All thread groups have been started
2024-12-16 13:43:31,429 INFO o.a.j.t.JMeterThread: Thread started: Jmeter User 1-1
2024-12-16 13:43:31,450 INFO o.a.j.p.h.s.HTTPHCAbstractImpl: Local host = anoms-MacBook-Air.local
2024-12-16 13:43:31,461 INFO o.a.j.p.h.s.HTTPHC4Impl: HTTP request retry count = 0
2024-12-16 13:43:31,464 INFO o.a.j.s.SampleResult: Note: Sample TimeStamps are START times
2024-12-16 13:43:31,464 INFO o.a.j.s.SampleResult: sampleresult.default.encoding is set to UTF-8
2024-12-16 13:43:31,465 INFO o.a.j.s.SampleResult: sampleresult.useNanoTime=true
2024-12-16 13:43:31,465 INFO o.a.j.s.SampleResult: sampleresult.nanoThreadSleep=5000
2024-12-16 13:43:32,061 INFO o.a.j.t.JMeterThread: Thread is done: Jmeter User 1-1
2024-12-16 13:43:32,062 INFO o.a.j.t.JMeterThread: Thread finished: Jmeter User 1-1
2024-12-16 13:43:32,063 INFO o.a.j.e.StandardJMeterEngine: Notifying test listeners of end of test
2024-12-16 13:43:32,064 INFO o.a.j.g.u.JMeterMenuBar: setRunning(false, *local*)
2024-12-16 13:44:00,700 INFO o.a.j.r.ClassFinder: Will scan jar /opt/homebrew/Cellar/jmeter/5.6.3/libexec/lib/ext/jmeter-plugins-manager-1.9.jar with filter ExtendsClassFilter [parents=[interface org.apache.jmeter.visualizers.ResultRenderer], inner=false, contains=null, notContains=null]. Consider exposing JMeter plugins via META-INF/services, and add JMeter-Skip-Class-Scanning=true manifest attribute so JMeter can skip classfile scanning
2024-12-16 13:44:00,718 INFO o.a.j.r.ClassFinder: Will scan jar /opt/homebrew/Cellar/jmeter/5.6.3/libexec/lib/ext/jmeter-plugins-manager-1.9.jar with filter ExtendsClassFilter [parents=[interface org.apache.jmeter.visualizers.RequestView], inner=false, contains=null, notContains=null]. Consider exposing JMeter plugins via META-INF/services, and add JMeter-Skip-Class-Scanning=true manifest attribute so JMeter can skip classfile scanning
2024-12-16 13:44:05,018 INFO o.a.j.e.StandardJMeterEngine: Running the test!
2024-12-16 13:44:05,019 INFO o.a.j.s.SampleEvent: List of sample_variables: []
2024-12-16 13:44:05,021 INFO o.a.j.g.u.JMeterMenuBar: setRunning(true, *local*)
2024-12-16 13:44:05,097 INFO o.a.j.e.StandardJMeterEngine: Starting ThreadGroup: 1 : Jmeter User
2024-12-16 13:44:05,098 INFO o.a.j.e.StandardJMeterEngine: Starting 1 threads for group Jmeter User.
2024-12-16 13:44:05,098 INFO o.a.j.e.StandardJMeterEngine: Thread will continue on error
2024-12-16 13:44:05,098 INFO o.a.j.t.ThreadGroup: Starting thread group... number=1 threads=1 ramp-up=1 delayedStart=false
2024-12-16 13:44:05,099 INFO o.a.j.t.ThreadGroup: Started thread group number 1
2024-12-16 13:44:05,099 INFO o.a.j.e.StandardJMeterEngine: All thread groups have been started
2024-12-16 13:44:05,099 INFO o.a.j.t.JMeterThread: Thread started: Jmeter User 1-1
2024-12-16 13:44:05,781 INFO o.a.j.t.JMeterThread: Thread is done: Jmeter User 1-1
2024-12-16 13:44:05,782 INFO o.a.j.t.JMeterThread: Thread finished: Jmeter User 1-1
2024-12-16 13:44:05,783 INFO o.a.j.e.StandardJMeterEngine: Notifying test listeners of end of test
2024-12-16 13:44:05,783 INFO o.a.j.g.u.JMeterMenuBar: setRunning(false, *local*)
2024-12-16 13:47:06,254 INFO o.a.j.r.ClassFinder: Will scan jar /opt/homebrew/Cellar/jmeter/5.6.3/libexec/lib/ext/jmeter-plugins-manager-1.9.jar with filter ExtendsClassFilter [parents=[interface org.apache.jmeter.visualizers.backend.BackendListenerClient], inner=false, contains=null, notContains=null]. Consider exposing JMeter plugins via META-INF/services, and add JMeter-Skip-Class-Scanning=true manifest attribute so JMeter can skip classfile scanning
2024-12-16 13:47:09,036 INFO o.a.j.e.StandardJMeterEngine: Running the test!
2024-12-16 13:47:09,038 INFO o.a.j.s.SampleEvent: List of sample_variables: []
2024-12-16 13:47:09,044 INFO o.a.j.v.b.BackendListener: Backend Listener: Starting worker with class: class org.apache.jmeter.visualizers.backend.graphite.GraphiteBackendListenerClient and queue capacity: 5000
2024-12-16 13:47:09,046 INFO o.a.j.v.b.BackendListener: Backend Listener: Started  worker with class: class org.apache.jmeter.visualizers.backend.graphite.GraphiteBackendListenerClient
2024-12-16 13:47:09,073 INFO o.a.j.v.b.g.TextGraphiteMetricsSender: Created TextGraphiteMetricsSender with host: , port: 2003, prefix: jmeter.
2024-12-16 13:47:09,073 INFO o.a.j.g.u.JMeterMenuBar: setRunning(true, *local*)
2024-12-16 13:47:09,182 INFO o.a.j.e.StandardJMeterEngine: Starting ThreadGroup: 1 : Jmeter User
2024-12-16 13:47:09,182 INFO o.a.j.e.StandardJMeterEngine: Starting 1 threads for group Jmeter User.
2024-12-16 13:47:09,182 INFO o.a.j.e.StandardJMeterEngine: Thread will continue on error
2024-12-16 13:47:09,183 INFO o.a.j.t.ThreadGroup: Starting thread group... number=1 threads=1 ramp-up=1 delayedStart=false
2024-12-16 13:47:09,185 INFO o.a.j.t.ThreadGroup: Started thread group number 1
2024-12-16 13:47:09,185 INFO o.a.j.e.StandardJMeterEngine: All thread groups have been started
2024-12-16 13:47:09,185 INFO o.a.j.t.JMeterThread: Thread started: Jmeter User 1-1
2024-12-16 13:47:09,737 INFO o.a.j.t.JMeterThread: Thread is done: Jmeter User 1-1
2024-12-16 13:47:09,737 INFO o.a.j.t.JMeterThread: Thread finished: Jmeter User 1-1
2024-12-16 13:47:09,738 INFO o.a.j.e.StandardJMeterEngine: Notifying test listeners of end of test
2024-12-16 13:47:09,740 INFO o.a.j.v.b.BackendListener: Worker ended
2024-12-16 13:47:09,785 ERROR o.a.j.v.b.g.TextGraphiteMetricsSender: Error writing to Graphite: Connection refused
java.net.ConnectException: Connection refused
	at java.base/sun.nio.ch.Net.pollConnect(Native Method) ~[?:?]
	at java.base/sun.nio.ch.Net.pollConnectNow(Net.java:682) ~[?:?]
	at java.base/sun.nio.ch.NioSocketImpl.timedFinishConnect(NioSocketImpl.java:549) ~[?:?]
	at java.base/sun.nio.ch.NioSocketImpl.connect(NioSocketImpl.java:592) ~[?:?]
	at java.base/java.net.SocksSocketImpl.connect(SocksSocketImpl.java:327) ~[?:?]
	at java.base/java.net.Socket.connect(Socket.java:751) ~[?:?]
	at org.apache.jmeter.visualizers.backend.graphite.SocketOutputStreamPoolFactory.create(SocketOutputStreamPoolFactory.java:76) ~[ApacheJMeter_components.jar:5.6.3]
	at org.apache.jmeter.visualizers.backend.graphite.SocketOutputStreamPoolFactory.makeObject(SocketOutputStreamPoolFactory.java:47) ~[ApacheJMeter_components.jar:5.6.3]
	at org.apache.jmeter.visualizers.backend.graphite.SocketOutputStreamPoolFactory.makeObject(SocketOutputStreamPoolFactory.java:33) ~[ApacheJMeter_components.jar:5.6.3]
	at org.apache.commons.pool2.impl.GenericKeyedObjectPool.create(GenericKeyedObjectPool.java:796) ~[commons-pool2-2.12.0.jar:2.12.0]
	at org.apache.commons.pool2.impl.GenericKeyedObjectPool.borrowObject(GenericKeyedObjectPool.java:444) ~[commons-pool2-2.12.0.jar:2.12.0]
	at org.apache.commons.pool2.impl.GenericKeyedObjectPool.borrowObject(GenericKeyedObjectPool.java:355) ~[commons-pool2-2.12.0.jar:2.12.0]
	at org.apache.jmeter.visualizers.backend.graphite.TextGraphiteMetricsSender.writeMetrics(TextGraphiteMetricsSender.java:110) ~[ApacheJMeter_components.jar:5.6.3]
	at org.apache.jmeter.visualizers.backend.graphite.TextGraphiteMetricsSender.writeAndSendMetrics(TextGraphiteMetricsSender.java:104) ~[ApacheJMeter_components.jar:5.6.3]
	at org.apache.jmeter.visualizers.backend.graphite.GraphiteBackendListenerClient.sendMetrics(GraphiteBackendListenerClient.java:186) ~[ApacheJMeter_components.jar:5.6.3]
	at org.apache.jmeter.visualizers.backend.graphite.GraphiteBackendListenerClient.teardownTest(GraphiteBackendListenerClient.java:367) ~[ApacheJMeter_components.jar:5.6.3]
	at org.apache.jmeter.visualizers.backend.BackendListener.testEnded(BackendListener.java:375) ~[ApacheJMeter_components.jar:5.6.3]
	at org.apache.jmeter.visualizers.backend.BackendListener.testEnded(BackendListener.java:383) ~[ApacheJMeter_components.jar:5.6.3]
	at org.apache.jmeter.engine.StandardJMeterEngine.notifyTestListenersOfEnd(StandardJMeterEngine.java:266) ~[ApacheJMeter_core.jar:5.6.3]
	at org.apache.jmeter.engine.StandardJMeterEngine.run(StandardJMeterEngine.java:543) ~[ApacheJMeter_core.jar:5.6.3]
	at java.base/java.util.concurrent.Executors$RunnableAdapter.call(Executors.java:572) ~[?:?]
	at java.base/java.util.concurrent.FutureTask.run(FutureTask.java:317) ~[?:?]
	at java.base/java.util.concurrent.ThreadPoolExecutor.runWorker(ThreadPoolExecutor.java:1144) ~[?:?]
	at java.base/java.util.concurrent.ThreadPoolExecutor$Worker.run(ThreadPoolExecutor.java:642) ~[?:?]
	at java.base/java.lang.Thread.run(Thread.java:1583) [?:?]
2024-12-16 13:47:09,796 INFO o.a.j.g.u.JMeterMenuBar: setRunning(false, *local*)
2024-12-16 13:47:15,912 INFO o.a.j.e.StandardJMeterEngine: Running the test!
2024-12-16 13:47:15,932 INFO o.a.j.s.SampleEvent: List of sample_variables: []
2024-12-16 13:47:15,937 INFO o.a.j.v.b.BackendListener: Backend Listener: Starting worker with class: class org.apache.jmeter.visualizers.backend.graphite.GraphiteBackendListenerClient and queue capacity: 5000
2024-12-16 13:47:15,938 INFO o.a.j.v.b.BackendListener: Backend Listener: Started  worker with class: class org.apache.jmeter.visualizers.backend.graphite.GraphiteBackendListenerClient
2024-12-16 13:47:15,979 INFO o.a.j.v.b.g.TextGraphiteMetricsSender: Created TextGraphiteMetricsSender with host: , port: 2003, prefix: jmeter.
2024-12-16 13:47:15,982 INFO o.a.j.g.u.JMeterMenuBar: setRunning(true, *local*)
2024-12-16 13:47:16,198 INFO o.a.j.e.StandardJMeterEngine: Starting ThreadGroup: 1 : Jmeter User
2024-12-16 13:47:16,199 INFO o.a.j.e.StandardJMeterEngine: Starting 1 threads for group Jmeter User.
2024-12-16 13:47:16,199 INFO o.a.j.e.StandardJMeterEngine: Thread will continue on error
2024-12-16 13:47:16,199 INFO o.a.j.t.ThreadGroup: Starting thread group... number=1 threads=1 ramp-up=1 delayedStart=false
2024-12-16 13:47:16,200 INFO o.a.j.t.ThreadGroup: Started thread group number 1
2024-12-16 13:47:16,201 INFO o.a.j.e.StandardJMeterEngine: All thread groups have been started
2024-12-16 13:47:16,201 INFO o.a.j.t.JMeterThread: Thread started: Jmeter User 1-1
2024-12-16 13:47:16,711 INFO o.a.j.t.JMeterThread: Thread is done: Jmeter User 1-1
2024-12-16 13:47:16,711 INFO o.a.j.t.JMeterThread: Thread finished: Jmeter User 1-1
2024-12-16 13:47:16,712 INFO o.a.j.e.StandardJMeterEngine: Notifying test listeners of end of test
2024-12-16 13:47:16,712 INFO o.a.j.v.b.BackendListener: Worker ended
2024-12-16 13:47:16,714 ERROR o.a.j.v.b.g.TextGraphiteMetricsSender: Error writing to Graphite: Connection refused
java.net.ConnectException: Connection refused
	at java.base/sun.nio.ch.Net.pollConnect(Native Method) ~[?:?]
	at java.base/sun.nio.ch.Net.pollConnectNow(Net.java:682) ~[?:?]
	at java.base/sun.nio.ch.NioSocketImpl.timedFinishConnect(NioSocketImpl.java:549) ~[?:?]
	at java.base/sun.nio.ch.NioSocketImpl.connect(NioSocketImpl.java:592) ~[?:?]
	at java.base/java.net.SocksSocketImpl.connect(SocksSocketImpl.java:327) ~[?:?]
	at java.base/java.net.Socket.connect(Socket.java:751) ~[?:?]
	at org.apache.jmeter.visualizers.backend.graphite.SocketOutputStreamPoolFactory.create(SocketOutputStreamPoolFactory.java:76) ~[ApacheJMeter_components.jar:5.6.3]
	at org.apache.jmeter.visualizers.backend.graphite.SocketOutputStreamPoolFactory.makeObject(SocketOutputStreamPoolFactory.java:47) ~[ApacheJMeter_components.jar:5.6.3]
	at org.apache.jmeter.visualizers.backend.graphite.SocketOutputStreamPoolFactory.makeObject(SocketOutputStreamPoolFactory.java:33) ~[ApacheJMeter_components.jar:5.6.3]
	at org.apache.commons.pool2.impl.GenericKeyedObjectPool.create(GenericKeyedObjectPool.java:796) ~[commons-pool2-2.12.0.jar:2.12.0]
	at org.apache.commons.pool2.impl.GenericKeyedObjectPool.borrowObject(GenericKeyedObjectPool.java:444) ~[commons-pool2-2.12.0.jar:2.12.0]
	at org.apache.commons.pool2.impl.GenericKeyedObjectPool.borrowObject(GenericKeyedObjectPool.java:355) ~[commons-pool2-2.12.0.jar:2.12.0]
	at org.apache.jmeter.visualizers.backend.graphite.TextGraphiteMetricsSender.writeMetrics(TextGraphiteMetricsSender.java:110) ~[ApacheJMeter_components.jar:5.6.3]
	at org.apache.jmeter.visualizers.backend.graphite.TextGraphiteMetricsSender.writeAndSendMetrics(TextGraphiteMetricsSender.java:104) ~[ApacheJMeter_components.jar:5.6.3]
	at org.apache.jmeter.visualizers.backend.graphite.GraphiteBackendListenerClient.sendMetrics(GraphiteBackendListenerClient.java:186) ~[ApacheJMeter_components.jar:5.6.3]
	at org.apache.jmeter.visualizers.backend.graphite.GraphiteBackendListenerClient.teardownTest(GraphiteBackendListenerClient.java:367) ~[ApacheJMeter_components.jar:5.6.3]
	at org.apache.jmeter.visualizers.backend.BackendListener.testEnded(BackendListener.java:375) ~[ApacheJMeter_components.jar:5.6.3]
	at org.apache.jmeter.visualizers.backend.BackendListener.testEnded(BackendListener.java:383) ~[ApacheJMeter_components.jar:5.6.3]
	at org.apache.jmeter.engine.StandardJMeterEngine.notifyTestListenersOfEnd(StandardJMeterEngine.java:266) ~[ApacheJMeter_core.jar:5.6.3]
	at org.apache.jmeter.engine.StandardJMeterEngine.run(StandardJMeterEngine.java:543) ~[ApacheJMeter_core.jar:5.6.3]
	at java.base/java.util.concurrent.Executors$RunnableAdapter.call(Executors.java:572) ~[?:?]
	at java.base/java.util.concurrent.FutureTask.run(FutureTask.java:317) ~[?:?]
	at java.base/java.util.concurrent.ThreadPoolExecutor.runWorker(ThreadPoolExecutor.java:1144) ~[?:?]
	at java.base/java.util.concurrent.ThreadPoolExecutor$Worker.run(ThreadPoolExecutor.java:642) ~[?:?]
	at java.base/java.lang.Thread.run(Thread.java:1583) [?:?]
2024-12-16 13:47:16,716 INFO o.a.j.g.u.JMeterMenuBar: setRunning(false, *local*)
2024-12-16 13:49:20,864 INFO o.a.j.e.StandardJMeterEngine: Running the test!
2024-12-16 13:49:20,991 INFO o.a.j.s.SampleEvent: List of sample_variables: []
2024-12-16 13:49:21,009 INFO o.a.j.g.u.JMeterMenuBar: setRunning(true, *local*)
2024-12-16 13:49:21,334 INFO o.a.j.e.StandardJMeterEngine: Starting ThreadGroup: 1 : Jmeter User
2024-12-16 13:49:21,335 INFO o.a.j.e.StandardJMeterEngine: Starting 1 threads for group Jmeter User.
2024-12-16 13:49:21,335 INFO o.a.j.e.StandardJMeterEngine: Thread will continue on error
2024-12-16 13:49:21,335 INFO o.a.j.t.ThreadGroup: Starting thread group... number=1 threads=1 ramp-up=1 delayedStart=false
2024-12-16 13:49:21,339 INFO o.a.j.t.ThreadGroup: Started thread group number 1
2024-12-16 13:49:21,339 INFO o.a.j.e.StandardJMeterEngine: All thread groups have been started
2024-12-16 13:49:21,339 INFO o.a.j.t.JMeterThread: Thread started: Jmeter User 1-1
2024-12-16 13:49:21,348 INFO o.a.j.t.JMeterThread: Thread is done: Jmeter User 1-1
2024-12-16 13:49:21,349 INFO o.a.j.t.JMeterThread: Thread finished: Jmeter User 1-1
2024-12-16 13:49:21,349 INFO o.a.j.e.StandardJMeterEngine: Notifying test listeners of end of test
2024-12-16 13:49:21,349 INFO o.a.j.g.u.JMeterMenuBar: setRunning(false, *local*)
2024-12-16 13:49:43,709 INFO o.a.j.e.StandardJMeterEngine: Running the test!
2024-12-16 13:49:43,711 INFO o.a.j.s.SampleEvent: List of sample_variables: []
2024-12-16 13:49:43,713 INFO o.a.j.g.u.JMeterMenuBar: setRunning(true, *local*)
2024-12-16 13:49:43,775 INFO o.a.j.e.StandardJMeterEngine: Starting ThreadGroup: 1 : Jmeter User
2024-12-16 13:49:43,776 INFO o.a.j.e.StandardJMeterEngine: Starting 1 threads for group Jmeter User.
2024-12-16 13:49:43,776 INFO o.a.j.e.StandardJMeterEngine: Thread will continue on error
2024-12-16 13:49:43,776 INFO o.a.j.t.ThreadGroup: Starting thread group... number=1 threads=1 ramp-up=1 delayedStart=false
2024-12-16 13:49:43,780 INFO o.a.j.t.ThreadGroup: Started thread group number 1
2024-12-16 13:49:43,781 INFO o.a.j.e.StandardJMeterEngine: All thread groups have been started
2024-12-16 13:49:43,781 INFO o.a.j.t.JMeterThread: Thread started: Jmeter User 1-1
2024-12-16 13:49:43,782 INFO o.a.j.t.JMeterThread: Thread is done: Jmeter User 1-1
2024-12-16 13:49:43,782 INFO o.a.j.t.JMeterThread: Thread finished: Jmeter User 1-1
2024-12-16 13:49:43,782 INFO o.a.j.e.StandardJMeterEngine: Notifying test listeners of end of test
2024-12-16 13:49:43,783 INFO o.a.j.g.u.JMeterMenuBar: setRunning(false, *local*)
2024-12-16 13:50:09,887 INFO o.a.j.e.StandardJMeterEngine: Running the test!
2024-12-16 13:50:09,891 INFO o.a.j.s.SampleEvent: List of sample_variables: []
2024-12-16 13:50:09,892 INFO o.a.j.g.u.JMeterMenuBar: setRunning(true, *local*)
2024-12-16 13:50:09,944 INFO o.a.j.e.StandardJMeterEngine: Starting ThreadGroup: 1 : Jmeter User
2024-12-16 13:50:09,945 INFO o.a.j.e.StandardJMeterEngine: Starting 10 threads for group Jmeter User.
2024-12-16 13:50:09,945 INFO o.a.j.e.StandardJMeterEngine: Thread will continue on error
2024-12-16 13:50:09,945 INFO o.a.j.t.ThreadGroup: Starting thread group... number=1 threads=10 ramp-up=10 delayedStart=false
2024-12-16 13:50:09,946 INFO o.a.j.t.JMeterThread: Thread started: Jmeter User 1-1
2024-12-16 13:50:09,947 INFO o.a.j.t.JMeterThread: Thread is done: Jmeter User 1-1
2024-12-16 13:50:09,947 INFO o.a.j.t.JMeterThread: Thread finished: Jmeter User 1-1
2024-12-16 13:50:09,947 INFO o.a.j.t.ThreadGroup: Started thread group number 1
2024-12-16 13:50:09,947 INFO o.a.j.e.StandardJMeterEngine: All thread groups have been started
2024-12-16 13:50:10,948 INFO o.a.j.t.JMeterThread: Thread started: Jmeter User 1-2
2024-12-16 13:50:10,950 INFO o.a.j.t.JMeterThread: Thread is done: Jmeter User 1-2
2024-12-16 13:50:10,950 INFO o.a.j.t.JMeterThread: Thread finished: Jmeter User 1-2
2024-12-16 13:50:11,961 INFO o.a.j.t.JMeterThread: Thread started: Jmeter User 1-3
2024-12-16 13:50:11,979 INFO o.a.j.t.JMeterThread: Thread is done: Jmeter User 1-3
2024-12-16 13:50:11,979 INFO o.a.j.t.JMeterThread: Thread finished: Jmeter User 1-3
2024-12-16 13:50:12,960 INFO o.a.j.t.JMeterThread: Thread started: Jmeter User 1-4
2024-12-16 13:50:12,990 INFO o.a.j.t.JMeterThread: Thread is done: Jmeter User 1-4
2024-12-16 13:50:12,991 INFO o.a.j.t.JMeterThread: Thread finished: Jmeter User 1-4
2024-12-16 13:50:13,954 INFO o.a.j.t.JMeterThread: Thread started: Jmeter User 1-5
2024-12-16 13:50:13,980 INFO o.a.j.t.JMeterThread: Thread is done: Jmeter User 1-5
2024-12-16 13:50:13,980 INFO o.a.j.t.JMeterThread: Thread finished: Jmeter User 1-5
2024-12-16 13:50:14,958 INFO o.a.j.t.JMeterThread: Thread started: Jmeter User 1-6
2024-12-16 13:50:14,965 INFO o.a.j.t.JMeterThread: Thread is done: Jmeter User 1-6
2024-12-16 13:50:14,965 INFO o.a.j.t.JMeterThread: Thread finished: Jmeter User 1-6
2024-12-16 13:50:15,948 INFO o.a.j.t.JMeterThread: Thread started: Jmeter User 1-7
2024-12-16 13:50:15,951 INFO o.a.j.t.JMeterThread: Thread is done: Jmeter User 1-7
2024-12-16 13:50:15,951 INFO o.a.j.t.JMeterThread: Thread finished: Jmeter User 1-7
2024-12-16 13:50:16,946 INFO o.a.j.t.JMeterThread: Thread started: Jmeter User 1-8
2024-12-16 13:50:16,950 INFO o.a.j.t.JMeterThread: Thread is done: Jmeter User 1-8
2024-12-16 13:50:16,950 INFO o.a.j.t.JMeterThread: Thread finished: Jmeter User 1-8
2024-12-16 13:50:17,947 INFO o.a.j.t.JMeterThread: Thread started: Jmeter User 1-9
2024-12-16 13:50:17,949 INFO o.a.j.t.JMeterThread: Thread is done: Jmeter User 1-9
2024-12-16 13:50:17,949 INFO o.a.j.t.JMeterThread: Thread finished: Jmeter User 1-9
2024-12-16 13:50:18,947 INFO o.a.j.t.JMeterThread: Thread started: Jmeter User 1-10
2024-12-16 13:50:18,948 INFO o.a.j.t.JMeterThread: Thread is done: Jmeter User 1-10
2024-12-16 13:50:18,948 INFO o.a.j.t.JMeterThread: Thread finished: Jmeter User 1-10
2024-12-16 13:50:18,949 INFO o.a.j.e.StandardJMeterEngine: Notifying test listeners of end of test
2024-12-16 13:50:18,950 INFO o.a.j.g.u.JMeterMenuBar: setRunning(false, *local*)
2024-12-16 13:50:44,334 INFO o.a.j.e.StandardJMeterEngine: Running the test!
2024-12-16 13:50:44,336 INFO o.a.j.s.SampleEvent: List of sample_variables: []
2024-12-16 13:50:44,337 INFO o.a.j.g.u.JMeterMenuBar: setRunning(true, *local*)
2024-12-16 13:50:44,404 INFO o.a.j.e.StandardJMeterEngine: Starting ThreadGroup: 1 : Jmeter User
2024-12-16 13:50:44,404 INFO o.a.j.e.StandardJMeterEngine: Starting 10 threads for group Jmeter User.
2024-12-16 13:50:44,405 INFO o.a.j.e.StandardJMeterEngine: Thread will continue on error
2024-12-16 13:50:44,405 INFO o.a.j.t.ThreadGroup: Starting thread group... number=1 threads=10 ramp-up=10 delayedStart=false
2024-12-16 13:50:44,405 INFO o.a.j.t.JMeterThread: Thread started: Jmeter User 1-1
2024-12-16 13:50:44,406 INFO o.a.j.t.JMeterThread: Thread is done: Jmeter User 1-1
2024-12-16 13:50:44,406 INFO o.a.j.t.JMeterThread: Thread finished: Jmeter User 1-1
2024-12-16 13:50:44,406 INFO o.a.j.t.ThreadGroup: Started thread group number 1
2024-12-16 13:50:44,406 INFO o.a.j.e.StandardJMeterEngine: All thread groups have been started
2024-12-16 13:50:45,411 INFO o.a.j.t.JMeterThread: Thread started: Jmeter User 1-2
2024-12-16 13:50:45,414 INFO o.a.j.t.JMeterThread: Thread is done: Jmeter User 1-2
2024-12-16 13:50:45,414 INFO o.a.j.t.JMeterThread: Thread finished: Jmeter User 1-2
2024-12-16 13:50:46,407 INFO o.a.j.t.JMeterThread: Thread started: Jmeter User 1-3
2024-12-16 13:50:46,414 INFO o.a.j.t.JMeterThread: Thread is done: Jmeter User 1-3
2024-12-16 13:50:46,414 INFO o.a.j.t.JMeterThread: Thread finished: Jmeter User 1-3
2024-12-16 13:50:47,407 INFO o.a.j.t.JMeterThread: Thread started: Jmeter User 1-4
2024-12-16 13:50:47,409 INFO o.a.j.t.JMeterThread: Thread is done: Jmeter User 1-4
2024-12-16 13:50:47,409 INFO o.a.j.t.JMeterThread: Thread finished: Jmeter User 1-4
2024-12-16 13:50:48,409 INFO o.a.j.t.JMeterThread: Thread started: Jmeter User 1-5
2024-12-16 13:50:48,410 INFO o.a.j.t.JMeterThread: Thread is done: Jmeter User 1-5
2024-12-16 13:50:48,411 INFO o.a.j.t.JMeterThread: Thread finished: Jmeter User 1-5
2024-12-16 13:50:49,410 INFO o.a.j.t.JMeterThread: Thread started: Jmeter User 1-6
2024-12-16 13:50:49,412 INFO o.a.j.t.JMeterThread: Thread is done: Jmeter User 1-6
2024-12-16 13:50:49,412 INFO o.a.j.t.JMeterThread: Thread finished: Jmeter User 1-6
2024-12-16 13:50:50,412 INFO o.a.j.t.JMeterThread: Thread started: Jmeter User 1-7
2024-12-16 13:50:50,414 INFO o.a.j.t.JMeterThread: Thread is done: Jmeter User 1-7
2024-12-16 13:50:50,415 INFO o.a.j.t.JMeterThread: Thread finished: Jmeter User 1-7
2024-12-16 13:50:51,411 INFO o.a.j.t.JMeterThread: Thread started: Jmeter User 1-8
2024-12-16 13:50:51,414 INFO o.a.j.t.JMeterThread: Thread is done: Jmeter User 1-8
2024-12-16 13:50:51,414 INFO o.a.j.t.JMeterThread: Thread finished: Jmeter User 1-8
2024-12-16 13:50:52,406 INFO o.a.j.t.JMeterThread: Thread started: Jmeter User 1-9
2024-12-16 13:50:52,409 INFO o.a.j.t.JMeterThread: Thread is done: Jmeter User 1-9
2024-12-16 13:50:52,409 INFO o.a.j.t.JMeterThread: Thread finished: Jmeter User 1-9
2024-12-16 13:50:53,406 INFO o.a.j.t.JMeterThread: Thread started: Jmeter User 1-10
2024-12-16 13:50:53,407 INFO o.a.j.t.JMeterThread: Thread is done: Jmeter User 1-10
2024-12-16 13:50:53,407 INFO o.a.j.t.JMeterThread: Thread finished: Jmeter User 1-10
2024-12-16 13:50:53,407 INFO o.a.j.e.StandardJMeterEngine: Notifying test listeners of end of test
2024-12-16 13:50:53,407 INFO o.a.j.g.u.JMeterMenuBar: setRunning(false, *local*)
2024-12-16 13:51:10,769 INFO o.a.j.e.StandardJMeterEngine: Running the test!
2024-12-16 13:51:10,771 INFO o.a.j.s.SampleEvent: List of sample_variables: []
2024-12-16 13:51:10,772 INFO o.a.j.g.u.JMeterMenuBar: setRunning(true, *local*)
2024-12-16 13:51:10,825 INFO o.a.j.e.StandardJMeterEngine: Starting ThreadGroup: 1 : Jmeter User
2024-12-16 13:51:10,826 INFO o.a.j.e.StandardJMeterEngine: Starting 10 threads for group Jmeter User.
2024-12-16 13:51:10,826 INFO o.a.j.e.StandardJMeterEngine: Thread will continue on error
2024-12-16 13:51:10,826 INFO o.a.j.t.ThreadGroup: Starting thread group... number=1 threads=10 ramp-up=10 delayedStart=false
2024-12-16 13:51:10,827 INFO o.a.j.t.JMeterThread: Thread started: Jmeter User 1-1
2024-12-16 13:51:10,828 INFO o.a.j.t.ThreadGroup: Started thread group number 1
2024-12-16 13:51:10,828 INFO o.a.j.e.StandardJMeterEngine: All thread groups have been started
2024-12-16 13:51:11,363 INFO o.a.j.t.JMeterThread: Thread is done: Jmeter User 1-1
2024-12-16 13:51:11,363 INFO o.a.j.t.JMeterThread: Thread finished: Jmeter User 1-1
2024-12-16 13:51:11,836 INFO o.a.j.t.JMeterThread: Thread started: Jmeter User 1-2
2024-12-16 13:51:12,727 INFO o.a.j.t.JMeterThread: Thread is done: Jmeter User 1-2
2024-12-16 13:51:12,757 INFO o.a.j.t.JMeterThread: Thread finished: Jmeter User 1-2
2024-12-16 13:51:12,831 INFO o.a.j.t.JMeterThread: Thread started: Jmeter User 1-3
2024-12-16 13:51:13,536 INFO o.a.j.t.JMeterThread: Thread is done: Jmeter User 1-3
2024-12-16 13:51:13,589 INFO o.a.j.t.JMeterThread: Thread finished: Jmeter User 1-3
2024-12-16 13:51:13,831 INFO o.a.j.t.JMeterThread: Thread started: Jmeter User 1-4
2024-12-16 13:51:14,475 INFO o.a.j.t.JMeterThread: Thread is done: Jmeter User 1-4
2024-12-16 13:51:14,475 INFO o.a.j.t.JMeterThread: Thread finished: Jmeter User 1-4
2024-12-16 13:51:14,832 INFO o.a.j.t.JMeterThread: Thread started: Jmeter User 1-5
2024-12-16 13:51:15,347 INFO o.a.j.t.JMeterThread: Thread is done: Jmeter User 1-5
2024-12-16 13:51:15,347 INFO o.a.j.t.JMeterThread: Thread finished: Jmeter User 1-5
2024-12-16 13:51:15,833 INFO o.a.j.t.JMeterThread: Thread started: Jmeter User 1-6
2024-12-16 13:51:16,336 INFO o.a.j.t.JMeterThread: Thread is done: Jmeter User 1-6
2024-12-16 13:51:16,337 INFO o.a.j.t.JMeterThread: Thread finished: Jmeter User 1-6
2024-12-16 13:51:16,831 INFO o.a.j.t.JMeterThread: Thread started: Jmeter User 1-7
2024-12-16 13:51:17,370 INFO o.a.j.t.JMeterThread: Thread is done: Jmeter User 1-7
2024-12-16 13:51:17,370 INFO o.a.j.t.JMeterThread: Thread finished: Jmeter User 1-7
2024-12-16 13:51:17,831 INFO o.a.j.t.JMeterThread: Thread started: Jmeter User 1-8
2024-12-16 13:51:18,340 INFO o.a.j.t.JMeterThread: Thread is done: Jmeter User 1-8
2024-12-16 13:51:18,341 INFO o.a.j.t.JMeterThread: Thread finished: Jmeter User 1-8
2024-12-16 13:51:18,831 INFO o.a.j.t.JMeterThread: Thread started: Jmeter User 1-9
2024-12-16 13:51:19,345 INFO o.a.j.t.JMeterThread: Thread is done: Jmeter User 1-9
2024-12-16 13:51:19,345 INFO o.a.j.t.JMeterThread: Thread finished: Jmeter User 1-9
2024-12-16 13:51:19,832 INFO o.a.j.t.JMeterThread: Thread started: Jmeter User 1-10
2024-12-16 13:51:20,344 INFO o.a.j.t.JMeterThread: Thread is done: Jmeter User 1-10
2024-12-16 13:51:20,345 INFO o.a.j.t.JMeterThread: Thread finished: Jmeter User 1-10
2024-12-16 13:51:20,347 INFO o.a.j.e.StandardJMeterEngine: Notifying test listeners of end of test
2024-12-16 13:51:20,349 INFO o.a.j.g.u.JMeterMenuBar: setRunning(false, *local*)
